<?xml version="1.0" encoding="utf-8"?>
<TestRun id="8e6531a1-a511-41f3-a405-e3e6337b69cb" name="@runnervmmtnos 2026-01-20 17:07:53" xmlns="http://microsoft.com/schemas/VisualStudio/TeamTest/2010">
  <Times creation="2026-01-20T17:07:53.5408999+00:00" queuing="2026-01-20T17:07:53.5408999+00:00" start="2026-01-20T17:07:51.6283481+00:00" finish="2026-01-20T17:07:54.7473544+00:00" />
  <TestSettings name="default" id="34849712-65dc-44fb-af8a-a377cefb1fee">
    <Deployment runDeploymentRoot="_runnervmmtnos_2026-01-20_17_07_53" />
  </TestSettings>
  <Results>
    <UnitTestResult executionId="ae9cc4f8-cba5-4735-8f7e-a90b2b8a5d68" testId="a20c1064-66f0-b6fd-5eb0-31b66b2af688" testName="Test1" computerName="runnervmmtnos" duration="00:00:00.0215190" startTime="2026-01-20T17:07:52.1546034+00:00" endTime="2026-01-20T17:07:52.1760745+00:00" testType="13cdc9d9-ddb5-4fa4-a97d-d965ccfc6d4b" outcome="Passed" testListId="8c84fa94-04c1-424b-9868-57a2d4851a1d" relativeResultsDirectory="ae9cc4f8-cba5-4735-8f7e-a90b2b8a5d68" />
    <UnitTestResult executionId="5f6a4568-ea1c-4865-8f62-5e5e73785c48" testId="a0b1f244-deaa-3f77-5611-f7013e7d1211" testName="NavigateRedirectAndCheckStatusCodes" computerName="runnervmmtnos" duration="00:00:01.8523390" startTime="2026-01-20T17:07:52.7949351+00:00" endTime="2026-01-20T17:07:54.6472742+00:00" testType="13cdc9d9-ddb5-4fa4-a97d-d965ccfc6d4b" outcome="Passed" testListId="8c84fa94-04c1-424b-9868-57a2d4851a1d" relativeResultsDirectory="5f6a4568-ea1c-4865-8f62-5e5e73785c48">
      <Output>
        <StdOut>title: The Internet
redirector_heading: Redirection
codes: 200,301,404,500
content length: 153</StdOut>
      </Output>
    </UnitTestResult>
  </Results>
  <TestDefinitions>
    <UnitTest name="NavigateRedirectAndCheckStatusCodes" storage="/home/runner/work/hubos_xga/hubos_xga/tests/dotnet-playwright-tests/bin/release/net8.0/dotnet-playwright-tests.dll" id="a0b1f244-deaa-3f77-5611-f7013e7d1211">
      <Execution id="5f6a4568-ea1c-4865-8f62-5e5e73785c48" />
      <TestMethod codeBase="/home/runner/work/HubOS_XGA/HubOS_XGA/tests/dotnet-playwright-tests/bin/Release/net8.0/dotnet-playwright-tests.dll" adapterTypeName="executor://nunit3testexecutor/" className="HubOS_XGA.Tests.MainTests2" name="NavigateRedirectAndCheckStatusCodes" />
    </UnitTest>
    <UnitTest name="Test1" storage="/home/runner/work/hubos_xga/hubos_xga/tests/dotnet-playwright-tests/bin/release/net8.0/dotnet-playwright-tests.dll" id="a20c1064-66f0-b6fd-5eb0-31b66b2af688">
      <Execution id="ae9cc4f8-cba5-4735-8f7e-a90b2b8a5d68" />
      <TestMethod codeBase="/home/runner/work/HubOS_XGA/HubOS_XGA/tests/dotnet-playwright-tests/bin/Release/net8.0/dotnet-playwright-tests.dll" adapterTypeName="executor://nunit3testexecutor/" className="dotnet_playwright_tests.Tests" name="Test1" />
    </UnitTest>
  </TestDefinitions>
  <TestEntries>
    <TestEntry testId="a20c1064-66f0-b6fd-5eb0-31b66b2af688" executionId="ae9cc4f8-cba5-4735-8f7e-a90b2b8a5d68" testListId="8c84fa94-04c1-424b-9868-57a2d4851a1d" />
    <TestEntry testId="a0b1f244-deaa-3f77-5611-f7013e7d1211" executionId="5f6a4568-ea1c-4865-8f62-5e5e73785c48" testListId="8c84fa94-04c1-424b-9868-57a2d4851a1d" />
  </TestEntries>
  <TestLists>
    <TestList name="Results Not in a List" id="8c84fa94-04c1-424b-9868-57a2d4851a1d" />
    <TestList name="All Loaded Results" id="19431567-8539-422a-85d7-44ee4e166bda" />
  </TestLists>
  <ResultSummary outcome="Completed">
    <Counters total="2" executed="2" passed="2" failed="0" error="0" timeout="0" aborted="0" inconclusive="0" passedButRunAborted="0" notRunnable="0" notExecuted="0" disconnected="0" warning="0" completed="0" inProgress="0" pending="0" />
    <Output>
      <StdOut>NUnit Adapter 5.0.0.0: Test execution started
Running all tests in /home/runner/work/HubOS_XGA/HubOS_XGA/tests/dotnet-playwright-tests/bin/Release/net8.0/dotnet-playwright-tests.dll
   NUnit3TestExecutor discovered 2 of 2 NUnit test cases using Current Discovery mode, Non-Explicit run
title: The Internet
redirector_heading: Redirection
codes: 200,301,404,500
content length: 153

NUnit Adapter 5.0.0.0: Test execution complete
</StdOut>
    </Output>
  </ResultSummary>
</TestRun>