<?xml version="1.0" encoding="utf-8"?>
<TestRun id="937c3487-8df0-4947-9836-c8be87064049" name="@runnervmmtnos 2026-01-20 13:11:21" xmlns="http://microsoft.com/schemas/VisualStudio/TeamTest/2010">
  <Times creation="2026-01-20T13:11:21.2293148+00:00" queuing="2026-01-20T13:11:21.2293149+00:00" start="2026-01-20T13:11:19.3406995+00:00" finish="2026-01-20T13:11:22.3521034+00:00" />
  <TestSettings name="default" id="e5c24b75-8ec9-4437-a11c-7ccc3a310762">
    <Deployment runDeploymentRoot="_runnervmmtnos_2026-01-20_13_11_21" />
  </TestSettings>
  <Results>
    <UnitTestResult executionId="14808b49-05f7-4ad9-88e3-5ad60ce176c1" testId="a0b1f244-deaa-3f77-5611-f7013e7d1211" testName="NavigateRedirectAndCheckStatusCodes" computerName="runnervmmtnos" duration="00:00:01.8323950" startTime="2026-01-20T13:11:20.4205449+00:00" endTime="2026-01-20T13:11:22.2529402+00:00" testType="13cdc9d9-ddb5-4fa4-a97d-d965ccfc6d4b" outcome="Passed" testListId="8c84fa94-04c1-424b-9868-57a2d4851a1d" relativeResultsDirectory="14808b49-05f7-4ad9-88e3-5ad60ce176c1">
      <Output>
        <StdOut>title: The Internet
redirector_heading: Redirection
codes: 200,301,404,500
content length: 153</StdOut>
      </Output>
    </UnitTestResult>
    <UnitTestResult executionId="309a91c1-0f8b-444c-9e28-507a7bc2441d" testId="a20c1064-66f0-b6fd-5eb0-31b66b2af688" testName="Test1" computerName="runnervmmtnos" duration="00:00:00.0197810" startTime="2026-01-20T13:11:19.8409567+00:00" endTime="2026-01-20T13:11:19.8606920+00:00" testType="13cdc9d9-ddb5-4fa4-a97d-d965ccfc6d4b" outcome="Passed" testListId="8c84fa94-04c1-424b-9868-57a2d4851a1d" relativeResultsDirectory="309a91c1-0f8b-444c-9e28-507a7bc2441d" />
  </Results>
  <TestDefinitions>
    <UnitTest name="NavigateRedirectAndCheckStatusCodes" storage="/home/runner/work/hubos_xga/hubos_xga/tests/dotnet-playwright-tests/bin/release/net8.0/dotnet-playwright-tests.dll" id="a0b1f244-deaa-3f77-5611-f7013e7d1211">
      <Execution id="14808b49-05f7-4ad9-88e3-5ad60ce176c1" />
      <TestMethod codeBase="/home/runner/work/HubOS_XGA/HubOS_XGA/tests/dotnet-playwright-tests/bin/Release/net8.0/dotnet-playwright-tests.dll" adapterTypeName="executor://nunit3testexecutor/" className="HubOS_XGA.Tests.MainTests2" name="NavigateRedirectAndCheckStatusCodes" />
    </UnitTest>
    <UnitTest name="Test1" storage="/home/runner/work/hubos_xga/hubos_xga/tests/dotnet-playwright-tests/bin/release/net8.0/dotnet-playwright-tests.dll" id="a20c1064-66f0-b6fd-5eb0-31b66b2af688">
      <Execution id="309a91c1-0f8b-444c-9e28-507a7bc2441d" />
      <TestMethod codeBase="/home/runner/work/HubOS_XGA/HubOS_XGA/tests/dotnet-playwright-tests/bin/Release/net8.0/dotnet-playwright-tests.dll" adapterTypeName="executor://nunit3testexecutor/" className="dotnet_playwright_tests.Tests" name="Test1" />
    </UnitTest>
  </TestDefinitions>
  <TestEntries>
    <TestEntry testId="a0b1f244-deaa-3f77-5611-f7013e7d1211" executionId="14808b49-05f7-4ad9-88e3-5ad60ce176c1" testListId="8c84fa94-04c1-424b-9868-57a2d4851a1d" />
    <TestEntry testId="a20c1064-66f0-b6fd-5eb0-31b66b2af688" executionId="309a91c1-0f8b-444c-9e28-507a7bc2441d" testListId="8c84fa94-04c1-424b-9868-57a2d4851a1d" />
  </TestEntries>
  <TestLists>
    <TestList name="Results Not in a List" id="8c84fa94-04c1-424b-9868-57a2d4851a1d" />
    <TestList name="All Loaded Results" id="19431567-8539-422a-85d7-44ee4e166bda" />
  </TestLists>
  <ResultSummary outcome="Completed">
    <Counters total="2" executed="2" passed="2" failed="0" error="0" timeout="0" aborted="0" inconclusive="0" passedButRunAborted="0" notRunnable="0" notExecuted="0" disconnected="0" warning="0" completed="0" inProgress="0" pending="0" />
    <Output>
      <StdOut>NUnit Adapter 5.0.0.0: Test execution started
Running all tests in /home/runner/work/HubOS_XGA/HubOS_XGA/tests/dotnet-playwright-tests/bin/Release/net8.0/dotnet-playwright-tests.dll
   NUnit3TestExecutor discovered 2 of 2 NUnit test cases using Current Discovery mode, Non-Explicit run
title: The Internet
redirector_heading: Redirection
codes: 200,301,404,500
content length: 153

NUnit Adapter 5.0.0.0: Test execution complete
</StdOut>
    </Output>
  </ResultSummary>
</TestRun>