<?xml version="1.0" encoding="utf-8"?>
<TestRun id="de81a898-61b9-4f06-9ca2-b042c74c6cfd" name="xavie@455U5 2026-01-20 18:34:28" runUser="455U5\xavie" xmlns="http://microsoft.com/schemas/VisualStudio/TeamTest/2010">
  <Times creation="2026-01-20T18:34:28.7581401+01:00" queuing="2026-01-20T18:34:28.7581407+01:00" start="2026-01-20T18:34:28.4756872+01:00" finish="2026-01-20T18:34:28.7589371+01:00" />
  <TestSettings name="default" id="ef5b526e-4470-41de-861f-9f4585eccbf7">
    <Deployment runDeploymentRoot="xavie_455U5_2026-01-20_18_34_28" />
  </TestSettings>
  <TestLists>
    <TestList name="Resultados sin formato de lista" id="8c84fa94-04c1-424b-9868-57a2d4851a1d" />
    <TestList name="Todos los resultados cargados" id="19431567-8539-422a-85d7-44ee4e166bda" />
  </TestLists>
  <ResultSummary outcome="Failed">
    <Counters total="0" executed="0" passed="0" failed="0" error="0" timeout="0" aborted="0" inconclusive="0" passedButRunAborted="0" notRunnable="0" notExecuted="0" disconnected="0" warning="0" completed="0" inProgress="0" pending="0" />
    <Output>
      <StdOut>You must install or update .NET to run this application.&#xD;
App: C:\Users\xavie\Downloads\VisualStudioProjects\HubOS_XGA\tests\dotnet-playwright-tests\bin\Debug\net8.0\testhost.exe&#xD;
Architecture: x64&#xD;
Framework: 'Microsoft.NETCore.App', version '8.0.0' (x64)&#xD;
.NET location: C:\Program Files\dotnet&#xD;
The following frameworks were found:&#xD;
  6.0.16 at [C:\Program Files\dotnet\shared\Microsoft.NETCore.App]&#xD;
  10.0.0 at [C:\Program Files\dotnet\shared\Microsoft.NETCore.App]&#xD;
The following frameworks for other architectures were found:&#xD;
  x86&#xD;
    10.0.0 at [C:\Program Files (x86)\dotnet\shared\Microsoft.NETCore.App]&#xD;
Learn more:&#xD;
https://aka.ms/dotnet/app-launch-failed&#xD;
To install missing framework, download:&#xD;
https://aka.ms/dotnet-core-applaunch?framework=Microsoft.NETCore.App&amp;framework_version=8.0.0&amp;arch=x64&amp;rid=win-x64&amp;os=win10&#xD;
</StdOut>
    </Output>
    <RunInfos>
      <RunInfo computerName="455U5" outcome="Error" timestamp="2026-01-20T18:34:28.6968986+01:00">
        <Text>El proceso del host de prueba para fuentes "C:\Users\xavie\Downloads\VisualStudioProjects\HubOS_XGA\tests\dotnet-playwright-tests\bin\Debug\net8.0\dotnet-playwright-tests.dll" finalizó con el siguiente error: You must install or update .NET to run this application.&#xD;
App: C:\Users\xavie\Downloads\VisualStudioProjects\HubOS_XGA\tests\dotnet-playwright-tests\bin\Debug\net8.0\testhost.exe&#xD;
Architecture: x64&#xD;
Framework: 'Microsoft.NETCore.App', version '8.0.0' (x64)&#xD;
.NET location: C:\Program Files\dotnet&#xD;
The following frameworks were found:&#xD;
  6.0.16 at [C:\Program Files\dotnet\shared\Microsoft.NETCore.App]&#xD;
  10.0.0 at [C:\Program Files\dotnet\shared\Microsoft.NETCore.App]&#xD;
The following frameworks for other architectures were found:&#xD;
  x86&#xD;
    10.0.0 at [C:\Program Files (x86)\dotnet\shared\Microsoft.NETCore.App]&#xD;
Learn more:&#xD;
https://aka.ms/dotnet/app-launch-failed&#xD;
To install missing framework, download:&#xD;
https://aka.ms/dotnet-core-applaunch?framework=Microsoft.NETCore.App&amp;framework_version=8.0.0&amp;arch=x64&amp;rid=win-x64&amp;os=win10&#xD;
. Consulte los registros de diagnóstico para obtener más información.</Text>
      </RunInfo>
    </RunInfos>
  </ResultSummary>
</TestRun>